<?xml version="1.0" encoding="UTF-8"?>
<!-- Generated by org.testng.reporters.JUnitReportReporter -->
<testsuite hostname="DESKTOP-QPERMFI" failures="0" tests="1" name="com.google.GoogleTest" time="2.221" errors="0" timestamp="05 jun 2021 13:55:01 GMT" skipped="0">
  <testcase classname="com.google.GoogleTest" name="f" time="2.221"/>
</testsuite> <!-- com.google.GoogleTest -->
